#
# A fatal error has been detected by the Java Runtime Environment:
#
#  Internal Error (javaClasses.cpp:136), pid=3296, tid=1320
#  fatal error: Invalid layout of preloaded class
#
# JRE version:  (7.0_67-b01) (build )
# Java VM: Java HotSpot(TM) Client VM (24.65-b04 mixed mode windows-x86 )
# Failed to write core dump. Minidumps are not enabled by default on client versions of Windows
#
# If you would like to submit a bug report, please visit:
#   http://bugreport.sun.com/bugreport/crash.jsp
#

---------------  T H R E A D  ---------------

Current thread (0x029e0400):  JavaThread "Unknown thread" [_thread_in_vm, id=1320, stack(0x02940000,0x02990000)]

Stack: [0x02940000,0x02990000],  sp=0x0298f9dc,  free space=318k
Native frames: (J=compiled Java code, j=interpreted, Vv=VM code, C=native code)
V  [jvm.dll+0x190494]
V  [jvm.dll+0x18a116]
V  [jvm.dll+0x35d7a]
V  [jvm.dll+0x35e06]
V  [jvm.dll+0x4465d]
V  [jvm.dll+0x4490e]
V  [jvm.dll+0x92f8a]
V  [jvm.dll+0x9333b]
V  [jvm.dll+0x13fa31]
V  [jvm.dll+0x1626fc]
V  [jvm.dll+0xc9d6f]
C  [javaw.exe+0x13ce]
C  [javaw.exe+0x1e40]
C  [javaw.exe+0xa601]
C  [javaw.exe+0xa68b]
C  [KERNEL32.DLL+0x1919f]
C  [ntdll.dll+0x4a22b]
C  [ntdll.dll+0x4a201]


---------------  P R O C E S S  ---------------

Java Threads: ( => current thread )

Other Threads:

=>0x029e0400 (exited) JavaThread "Unknown thread" [_thread_in_vm, id=1320, stack(0x02940000,0x02990000)]

VM state:not at safepoint (not fully initialized)

VM Mutex/Monitor currently owned by a thread: None

GC Heap History (0 events):
No events

Deoptimization events (0 events):
No events

Internal exceptions (0 events):
No events

Events (10 events):
Event: 0.009 loading class 0x029fe318 done
Event: 0.009 loading class 0x029fdda8 done
Event: 0.009 loading class 0x029fdd88
Event: 0.010 loading class 0x02a050f8
Event: 0.010 loading class 0x02a050f8 done
Event: 0.010 loading class 0x02a05128
Event: 0.010 loading class 0x02a05128 done
Event: 0.010 loading class 0x02a05158
Event: 0.010 loading class 0x02a05158 done
Event: 0.010 loading class 0x029fdd88 done


Dynamic libraries:
0x00fd0000 - 0x00fff000 	C:\Program Files (x86)\Java\jre7\bin\javaw.exe
0x779f0000 - 0x77b58000 	C:\WINDOWS\SYSTEM32\ntdll.dll
0x76e20000 - 0x76f60000 	C:\WINDOWS\SYSTEM32\KERNEL32.DLL
0x77070000 - 0x7713f000 	C:\WINDOWS\SYSTEM32\KERNELBASE.dll
0x73940000 - 0x739d9000 	C:\WINDOWS\system32\apphelp.dll
0x63350000 - 0x635a9000 	C:\WINDOWS\AppPatch\AcGenral.DLL
0x76930000 - 0x769ee000 	C:\WINDOWS\SYSTEM32\msvcrt.dll
0x76890000 - 0x768ce000 	C:\WINDOWS\SYSTEM32\sechost.dll
0x75420000 - 0x7543d000 	C:\WINDOWS\SYSTEM32\SspiCli.dll
0x75440000 - 0x75481000 	C:\WINDOWS\SYSTEM32\SHLWAPI.dll
0x73d20000 - 0x73dfb000 	C:\WINDOWS\SYSTEM32\UxTheme.dll
0x773b0000 - 0x774ff000 	C:\WINDOWS\SYSTEM32\USER32.dll
0x76f60000 - 0x77067000 	C:\WINDOWS\SYSTEM32\GDI32.dll
0x75230000 - 0x75250000 	C:\WINDOWS\SYSTEM32\WINMM.dll
0x75000000 - 0x75012000 	C:\WINDOWS\SYSTEM32\samcli.dll
0x76d10000 - 0x76e1c000 	C:\WINDOWS\SYSTEM32\ole32.dll
0x76800000 - 0x76887000 	C:\WINDOWS\SYSTEM32\OLEAUT32.dll
0x63330000 - 0x63345000 	C:\WINDOWS\SYSTEM32\MSACM32.dll
0x75220000 - 0x75228000 	C:\WINDOWS\SYSTEM32\VERSION.dll
0x75640000 - 0x76800000 	C:\WINDOWS\SYSTEM32\SHELL32.dll
0x74700000 - 0x74719000 	C:\WINDOWS\SYSTEM32\USERENV.dll
0x73ff0000 - 0x74008000 	C:\WINDOWS\SYSTEM32\dwmapi.dll
0x70920000 - 0x70a48000 	C:\WINDOWS\SYSTEM32\urlmon.dll
0x769f0000 - 0x76a68000 	C:\WINDOWS\SYSTEM32\ADVAPI32.dll
0x70e10000 - 0x70e6e000 	C:\WINDOWS\SYSTEM32\WINSPOOL.DRV
0x737a0000 - 0x737b4000 	C:\WINDOWS\SYSTEM32\MPR.dll
0x77650000 - 0x77700000 	C:\WINDOWS\SYSTEM32\RPCRT4.dll
0x75410000 - 0x75419000 	C:\WINDOWS\SYSTEM32\CRYPTBASE.dll
0x77500000 - 0x7764e000 	C:\WINDOWS\SYSTEM32\combase.dll
0x75080000 - 0x750a0000 	C:\WINDOWS\SYSTEM32\WINMMBASE.dll
0x746f0000 - 0x746fe000 	C:\WINDOWS\SYSTEM32\profapi.dll
0x74720000 - 0x7493a000 	C:\WINDOWS\SYSTEM32\iertutil.dll
0x74940000 - 0x74afd000 	C:\WINDOWS\SYSTEM32\WININET.dll
0x753b0000 - 0x75403000 	C:\WINDOWS\SYSTEM32\bcryptPrimitives.dll
0x76b80000 - 0x76bba000 	C:\WINDOWS\SYSTEM32\cfgmgr32.dll
0x75020000 - 0x7503f000 	C:\WINDOWS\SYSTEM32\DEVOBJ.dll
0x74660000 - 0x746d6000 	C:\WINDOWS\SYSTEM32\SHCORE.DLL
0x75490000 - 0x754b5000 	C:\WINDOWS\system32\IMM32.DLL
0x77140000 - 0x77237000 	C:\WINDOWS\SYSTEM32\MSCTF.dll
0x73e00000 - 0x73fe6000 	C:\WINDOWS\WinSxS\x86_microsoft.windows.common-controls_6595b64144ccf1df_6.0.9600.17031_none_a9efdb8b01377ea7\COMCTL32.dll
0x730e0000 - 0x7319f000 	C:\Program Files (x86)\Java\jre7\bin\msvcr100.dll
0x638a0000 - 0x63c28000 	C:\Program Files (x86)\Java\jre7\bin\client\jvm.dll
0x75210000 - 0x75218000 	C:\WINDOWS\SYSTEM32\WSOCK32.dll
0x778c0000 - 0x778c6000 	C:\WINDOWS\SYSTEM32\PSAPI.DLL
0x778d0000 - 0x7791d000 	C:\WINDOWS\SYSTEM32\WS2_32.dll
0x77380000 - 0x77387000 	C:\WINDOWS\SYSTEM32\NSI.dll
0x637d0000 - 0x637dc000 	C:\Program Files (x86)\Java\jre7\bin\verify.dll
0x637b0000 - 0x637d0000 	C:\Program Files (x86)\Java\jre7\bin\java.dll
0x63790000 - 0x637a3000 	C:\Program Files (x86)\Java\jre7\bin\zip.dll
0x631e0000 - 0x63328000 	C:\WINDOWS\SYSTEM32\dbghelp.dll

VM Arguments:
jvm_args: -Dfile.encoding=Cp1252 -Xbootclasspath:C:\fakepath\App\Java\platforms\android-17\android.jar 
java_command: com.square.mail2.ReceiveMail
Launcher Type: SUN_STANDARD

Environment Variables:
JAVA_HOME=C:\Program Files (x86)\Java\jre7
PATH=C:/Program Files (x86)/Java/jre7/bin/client;C:/Program Files (x86)/Java/jre7/bin;C:/Program Files (x86)/Java/jre7/lib/i386;;C:\Program Files (x86)\Java\jre7;C:/CommonFiles/OpenJDK/bin;C:/CommonFiles/Java/bin;C:/CommonFiles/Java64/bin;C:/CommonFiles/OpenJDK/jre/bin;C:\WINDOWS\system32;C:\WINDOWS;C:\WINDOWS\System32\Wbem;C:\WINDOWS\System32\WindowsPowerShell\v1.0\;C:\Program Files (x86)\Java\jre7\bin;C:\Program Files (x86)\Java\jre7\bin;C:\fakepath;
USERNAME=Vince
OS=Windows_NT
PROCESSOR_IDENTIFIER=Intel64 Family 6 Model 58 Stepping 9, GenuineIntel



---------------  S Y S T E M  ---------------

OS: Windows 8.1 , 64 bit Build 9600 

CPU:total 4 (2 cores per cpu, 2 threads per core) family 6 model 58 stepping 9, cmov, cx8, fxsr, mmx, sse, sse2, sse3, ssse3, sse4.1, sse4.2, popcnt, avx, aes, erms, ht, tsc, tscinvbit, tscinv

Memory: 4k page, physical 6183080k(4641808k free), swap 7166120k(5452200k free)

vm_info: Java HotSpot(TM) Client VM (24.65-b04) for windows-x86 JRE (1.7.0_67-b01), built on Jul 25 2014 10:20:53 by "java_re" with unknown MS VC++:1600

time: Tue Aug 19 21:05:44 2014
elapsed time: 0 seconds

