#
# A fatal error has been detected by the Java Runtime Environment:
#
#  Internal Error (javaClasses.cpp:136), pid=7160, tid=5160
#  fatal error: Invalid layout of preloaded class
#
# JRE version:  (7.0_45-b18) (build )
# Java VM: Java HotSpot(TM) Client VM (24.45-b08 mixed mode windows-x86 )
# Failed to write core dump. Minidumps are not enabled by default on client versions of Windows
#
# If you would like to submit a bug report, please visit:
#   http://bugreport.sun.com/bugreport/crash.jsp
#

---------------  T H R E A D  ---------------

Current thread (0x0092b800):  JavaThread "Unknown thread" [_thread_in_vm, id=5160, stack(0x00cf0000,0x00d40000)]

Stack: [0x00cf0000,0x00d40000],  sp=0x00d3f81c,  free space=318k
Native frames: (J=compiled Java code, j=interpreted, Vv=VM code, C=native code)
V  [jvm.dll+0x18df51]
V  [jvm.dll+0x187cc6]
V  [jvm.dll+0x3586a]
V  [jvm.dll+0x358f6]
V  [jvm.dll+0x4400d]
V  [jvm.dll+0x442be]
V  [jvm.dll+0x9263a]
V  [jvm.dll+0x929eb]
V  [jvm.dll+0x13daf1]
V  [jvm.dll+0x1605fc]
V  [jvm.dll+0xc8ebf]
C  [javaw.exe+0x13ce]
C  [javaw.exe+0x1e40]
C  [javaw.exe+0xa5b1]
C  [javaw.exe+0xa63b]
C  [KERNEL32.DLL+0x1495d]
C  [ntdll.dll+0x498ee]
C  [ntdll.dll+0x498c4]


---------------  P R O C E S S  ---------------

Java Threads: ( => current thread )

Other Threads:

=>0x0092b800 (exited) JavaThread "Unknown thread" [_thread_in_vm, id=5160, stack(0x00cf0000,0x00d40000)]

VM state:not at safepoint (not fully initialized)

VM Mutex/Monitor currently owned by a thread: None

GC Heap History (0 events):
No events

Deoptimization events (0 events):
No events

Internal exceptions (0 events):
No events

Events (10 events):
Event: 0.008 loading class 0x00d5a898 done
Event: 0.008 loading class 0x00d5a328 done
Event: 0.008 loading class 0x00d5a308
Event: 0.008 loading class 0x00d61630
Event: 0.008 loading class 0x00d61630 done
Event: 0.009 loading class 0x00d61660
Event: 0.009 loading class 0x00d61660 done
Event: 0.009 loading class 0x00d61690
Event: 0.009 loading class 0x00d61690 done
Event: 0.009 loading class 0x00d5a308 done


Dynamic libraries:
0x013b0000 - 0x013df000 	C:\Program Files (x86)\Java\jre7\bin\javaw.exe
0x779a0000 - 0x77b08000 	C:\WINDOWS\SYSTEM32\ntdll.dll
0x76fb0000 - 0x770f0000 	C:\WINDOWS\SYSTEM32\KERNEL32.DLL
0x76d80000 - 0x76e4f000 	C:\WINDOWS\SYSTEM32\KERNELBASE.dll
0x735d0000 - 0x7366a000 	C:\WINDOWS\system32\apphelp.dll
0x66590000 - 0x667e2000 	C:\WINDOWS\AppPatch\AcGenral.DLL
0x76ef0000 - 0x76fae000 	C:\WINDOWS\SYSTEM32\msvcrt.dll
0x759c0000 - 0x759fe000 	C:\WINDOWS\SYSTEM32\sechost.dll
0x753d0000 - 0x753ed000 	C:\WINDOWS\SYSTEM32\SspiCli.dll
0x77530000 - 0x77571000 	C:\WINDOWS\SYSTEM32\SHLWAPI.dll
0x72a10000 - 0x72aec000 	C:\WINDOWS\SYSTEM32\UxTheme.dll
0x755a0000 - 0x756ef000 	C:\WINDOWS\SYSTEM32\USER32.dll
0x756f0000 - 0x757f8000 	C:\WINDOWS\SYSTEM32\GDI32.dll
0x74ea0000 - 0x74ec0000 	C:\WINDOWS\SYSTEM32\WINMM.dll
0x74a60000 - 0x74a72000 	C:\WINDOWS\SYSTEM32\samcli.dll
0x777c0000 - 0x778cb000 	C:\WINDOWS\SYSTEM32\ole32.dll
0x770f0000 - 0x77177000 	C:\WINDOWS\SYSTEM32\OLEAUT32.dll
0x65b60000 - 0x65b75000 	C:\WINDOWS\SYSTEM32\MSACM32.dll
0x750a0000 - 0x750a8000 	C:\WINDOWS\SYSTEM32\VERSION.dll
0x75af0000 - 0x76c93000 	C:\WINDOWS\SYSTEM32\SHELL32.dll
0x6e3c0000 - 0x6e3d9000 	C:\WINDOWS\SYSTEM32\USERENV.dll
0x73700000 - 0x73719000 	C:\WINDOWS\SYSTEM32\dwmapi.dll
0x72710000 - 0x72834000 	C:\WINDOWS\SYSTEM32\urlmon.dll
0x77360000 - 0x773d7000 	C:\WINDOWS\SYSTEM32\ADVAPI32.dll
0x6de70000 - 0x6dece000 	C:\WINDOWS\SYSTEM32\WINSPOOL.DRV
0x75120000 - 0x75134000 	C:\WINDOWS\SYSTEM32\MPR.dll
0x776d0000 - 0x77781000 	C:\WINDOWS\SYSTEM32\RPCRT4.dll
0x753c0000 - 0x753c9000 	C:\WINDOWS\SYSTEM32\CRYPTBASE.dll
0x77190000 - 0x772de000 	C:\WINDOWS\SYSTEM32\combase.dll
0x73ee0000 - 0x73f00000 	C:\WINDOWS\SYSTEM32\WINMMBASE.dll
0x73c20000 - 0x73c2e000 	C:\WINDOWS\SYSTEM32\profapi.dll
0x73a00000 - 0x73c15000 	C:\WINDOWS\SYSTEM32\iertutil.dll
0x72840000 - 0x72a04000 	C:\WINDOWS\SYSTEM32\WININET.dll
0x75360000 - 0x753b1000 	C:\WINDOWS\SYSTEM32\bcryptPrimitives.dll
0x75980000 - 0x759ba000 	C:\WINDOWS\SYSTEM32\cfgmgr32.dll
0x6e3a0000 - 0x6e3bf000 	C:\WINDOWS\SYSTEM32\DEVOBJ.dll
0x73d60000 - 0x73dd7000 	C:\WINDOWS\SYSTEM32\SHCORE.DLL
0x77790000 - 0x777b5000 	C:\WINDOWS\system32\IMM32.DLL
0x77580000 - 0x77677000 	C:\WINDOWS\SYSTEM32\MSCTF.dll
0x73810000 - 0x739f5000 	C:\WINDOWS\WinSxS\x86_microsoft.windows.common-controls_6595b64144ccf1df_6.0.9600.16384_none_a9f4965301334e09\COMCTL32.dll
0x6fc80000 - 0x6fd3f000 	C:\Program Files (x86)\Java\jre7\bin\msvcr100.dll
0x67a20000 - 0x67da0000 	C:\Program Files (x86)\Java\jre7\bin\client\jvm.dll
0x67da0000 - 0x67da8000 	C:\WINDOWS\SYSTEM32\WSOCK32.dll
0x76ca0000 - 0x76ca6000 	C:\WINDOWS\SYSTEM32\PSAPI.DLL
0x76cf0000 - 0x76d3d000 	C:\WINDOWS\SYSTEM32\WS2_32.dll
0x76ce0000 - 0x76ce7000 	C:\WINDOWS\SYSTEM32\NSI.dll
0x67a10000 - 0x67a1c000 	C:\Program Files (x86)\Java\jre7\bin\verify.dll
0x679f0000 - 0x67a10000 	C:\Program Files (x86)\Java\jre7\bin\java.dll
0x679d0000 - 0x679e3000 	C:\Program Files (x86)\Java\jre7\bin\zip.dll
0x66390000 - 0x664d8000 	C:\WINDOWS\SYSTEM32\dbghelp.dll

VM Arguments:
jvm_args: -Dfile.encoding=Cp1252 -Xbootclasspath:C:\fakepath\App\Java\platforms\android-17\android.jar 
java_command: com.square.mail2.ReceiveMail
Launcher Type: SUN_STANDARD

Environment Variables:
PATH=C:/Program Files (x86)/Java/jre7/bin/client;C:/Program Files (x86)/Java/jre7/bin;C:/Program Files (x86)/Java/jre7/lib/i386;C:\CommonFiles\MinGW\bin;C:\WINDOWS\system32;C:\WINDOWS;C:\WINDOWS\System32\Wbem;C:\WINDOWS\System32\WindowsPowerShell\v1.0\;C:\Program Files (x86)\Windows Live\Shared;C:\fakepath;
USERNAME=Vince
OS=Windows_NT
PROCESSOR_IDENTIFIER=Intel64 Family 6 Model 58 Stepping 9, GenuineIntel



---------------  S Y S T E M  ---------------

OS: Windows 8 , 64 bit Build 9200 

CPU:total 4 (2 cores per cpu, 2 threads per core) family 6 model 58 stepping 9, cmov, cx8, fxsr, mmx, sse, sse2, sse3, ssse3, sse4.1, sse4.2, popcnt, avx, aes, erms, ht, tsc, tscinvbit, tscinv

Memory: 4k page, physical 6183080k(3635824k free), swap 7166120k(3569660k free)

vm_info: Java HotSpot(TM) Client VM (24.45-b08) for windows-x86 JRE (1.7.0_45-b18), built on Oct  8 2013 06:02:43 by "java_re" with unknown MS VC++:1600

time: Mon Nov 25 12:57:36 2013
elapsed time: 0 seconds

